{
  "0 debug pnpm:scope": {
    "selected": 1
  },
  "1 error pnpm": {
    "code": "ELIFECYCLE",
    "errno": "ENOENT",
    "syscall": "spawn",
    "file": "sh",
    "pkgid": "gifsuper@1.0.0",
    "stage": "serve",
    "script": "webpack-dev-server --config config/webpack.dev.js --color --content-base src --progress --hot",
    "pkgname": "gifsuper",
    "err": {
      "name": "pnpm",
      "message": "gifsuper@1.0.0 serve: `webpack-dev-server --config config/webpack.dev.js --color --content-base src --progress --hot`\nspawn ENOENT",
      "code": "ELIFECYCLE",
      "stack": "pnpm: gifsuper@1.0.0 serve: `webpack-dev-server --config config/webpack.dev.js --color --content-base src --progress --hot`\nspawn ENOENT\n    at ChildProcess.<anonymous> (/opt/homebrew/lib/node_modules/pnpm/dist/pnpm.cjs:91775:22)\n    at ChildProcess.emit (node:events:390:28)\n    at maybeClose (node:internal/child_process:1064:16)\n    at Process.ChildProcess._handle.onexit (node:internal/child_process:301:5)"
    }
  },
  "2 warn pnpm:global": " Local package.json exists, but node_modules missing, did you mean to install?"
}